Determining if the Q_WS_WIN exist failed with the following output:
Change Dir: /home/salabeta/Robotica2015/controller/CMakeFiles/CMakeTmp

Run Build Command:"/usr/bin/make" "cmTryCompileExec2487836647/fast"
/usr/bin/make -f CMakeFiles/cmTryCompileExec2487836647.dir/build.make CMakeFiles/cmTryCompileExec2487836647.dir/build
make[1]: Entering directory '/home/salabeta/Robotica2015/controller/CMakeFiles/CMakeTmp'
/usr/bin/cmake -E cmake_progress_report /home/salabeta/Robotica2015/controller/CMakeFiles/CMakeTmp/CMakeFiles 1
Building CXX object CMakeFiles/cmTryCompileExec2487836647.dir/CheckSymbolExists.cxx.o
/usr/bin/c++    -I/usr/include/qt4    -o CMakeFiles/cmTryCompileExec2487836647.dir/CheckSymbolExists.cxx.o -c /home/salabeta/Robotica2015/controller/CMakeFiles/CMakeTmp/CheckSymbolExists.cxx
/home/salabeta/Robotica2015/controller/CMakeFiles/CMakeTmp/CheckSymbolExists.cxx: In function ‘int main(int, char**)’:
/home/salabeta/Robotica2015/controller/CMakeFiles/CMakeTmp/CheckSymbolExists.cxx:8:19: error: ‘Q_WS_WIN’ was not declared in this scope
   return ((int*)(&Q_WS_WIN))[argc];
                   ^
CMakeFiles/cmTryCompileExec2487836647.dir/build.make:57: recipe for target 'CMakeFiles/cmTryCompileExec2487836647.dir/CheckSymbolExists.cxx.o' failed
make[1]: Leaving directory '/home/salabeta/Robotica2015/controller/CMakeFiles/CMakeTmp'
make[1]: *** [CMakeFiles/cmTryCompileExec2487836647.dir/CheckSymbolExists.cxx.o] Error 1
Makefile:118: recipe for target 'cmTryCompileExec2487836647/fast' failed
make: *** [cmTryCompileExec2487836647/fast] Error 2

File /home/salabeta/Robotica2015/controller/CMakeFiles/CMakeTmp/CheckSymbolExists.cxx:
/* */
#include <QtCore/qglobal.h>

int main(int argc, char** argv)
{
  (void)argv;
#ifndef Q_WS_WIN
  return ((int*)(&Q_WS_WIN))[argc];
#else
  (void)argc;
  return 0;
#endif
}

Determining if the Q_WS_QWS exist failed with the following output:
Change Dir: /home/salabeta/Robotica2015/controller/CMakeFiles/CMakeTmp

Run Build Command:"/usr/bin/make" "cmTryCompileExec2430587712/fast"
/usr/bin/make -f CMakeFiles/cmTryCompileExec2430587712.dir/build.make CMakeFiles/cmTryCompileExec2430587712.dir/build
make[1]: Entering directory '/home/salabeta/Robotica2015/controller/CMakeFiles/CMakeTmp'
/usr/bin/cmake -E cmake_progress_report /home/salabeta/Robotica2015/controller/CMakeFiles/CMakeTmp/CMakeFiles 1
Building CXX object CMakeFiles/cmTryCompileExec2430587712.dir/CheckSymbolExists.cxx.o
/usr/bin/c++    -I/usr/include/qt4    -o CMakeFiles/cmTryCompileExec2430587712.dir/CheckSymbolExists.cxx.o -c /home/salabeta/Robotica2015/controller/CMakeFiles/CMakeTmp/CheckSymbolExists.cxx
/home/salabeta/Robotica2015/controller/CMakeFiles/CMakeTmp/CheckSymbolExists.cxx: In function ‘int main(int, char**)’:
/home/salabeta/Robotica2015/controller/CMakeFiles/CMakeTmp/CheckSymbolExists.cxx:8:19: error: ‘Q_WS_QWS’ was not declared in this scope
   return ((int*)(&Q_WS_QWS))[argc];
                   ^
CMakeFiles/cmTryCompileExec2430587712.dir/build.make:57: recipe for target 'CMakeFiles/cmTryCompileExec2430587712.dir/CheckSymbolExists.cxx.o' failed
make[1]: *** [CMakeFiles/cmTryCompileExec2430587712.dir/CheckSymbolExists.cxx.o] Error 1
make[1]: Leaving directory '/home/salabeta/Robotica2015/controller/CMakeFiles/CMakeTmp'
Makefile:118: recipe for target 'cmTryCompileExec2430587712/fast' failed
make: *** [cmTryCompileExec2430587712/fast] Error 2

File /home/salabeta/Robotica2015/controller/CMakeFiles/CMakeTmp/CheckSymbolExists.cxx:
/* */
#include <QtCore/qglobal.h>

int main(int argc, char** argv)
{
  (void)argv;
#ifndef Q_WS_QWS
  return ((int*)(&Q_WS_QWS))[argc];
#else
  (void)argc;
  return 0;
#endif
}

Determining if the Q_WS_MAC exist failed with the following output:
Change Dir: /home/salabeta/Robotica2015/controller/CMakeFiles/CMakeTmp

Run Build Command:"/usr/bin/make" "cmTryCompileExec3386832668/fast"
/usr/bin/make -f CMakeFiles/cmTryCompileExec3386832668.dir/build.make CMakeFiles/cmTryCompileExec3386832668.dir/build
make[1]: Entering directory '/home/salabeta/Robotica2015/controller/CMakeFiles/CMakeTmp'
/usr/bin/cmake -E cmake_progress_report /home/salabeta/Robotica2015/controller/CMakeFiles/CMakeTmp/CMakeFiles 1
Building CXX object CMakeFiles/cmTryCompileExec3386832668.dir/CheckSymbolExists.cxx.o
/usr/bin/c++    -I/usr/include/qt4    -o CMakeFiles/cmTryCompileExec3386832668.dir/CheckSymbolExists.cxx.o -c /home/salabeta/Robotica2015/controller/CMakeFiles/CMakeTmp/CheckSymbolExists.cxx
/home/salabeta/Robotica2015/controller/CMakeFiles/CMakeTmp/CheckSymbolExists.cxx: In function ‘int main(int, char**)’:
/home/salabeta/Robotica2015/controller/CMakeFiles/CMakeTmp/CheckSymbolExists.cxx:8:19: error: ‘Q_WS_MAC’ was not declared in this scope
   return ((int*)(&Q_WS_MAC))[argc];
                   ^
CMakeFiles/cmTryCompileExec3386832668.dir/build.make:57: recipe for target 'CMakeFiles/cmTryCompileExec3386832668.dir/CheckSymbolExists.cxx.o' failed
make[1]: *** [CMakeFiles/cmTryCompileExec3386832668.dir/CheckSymbolExists.cxx.o] Error 1
make[1]: Leaving directory '/home/salabeta/Robotica2015/controller/CMakeFiles/CMakeTmp'
Makefile:118: recipe for target 'cmTryCompileExec3386832668/fast' failed
make: *** [cmTryCompileExec3386832668/fast] Error 2

File /home/salabeta/Robotica2015/controller/CMakeFiles/CMakeTmp/CheckSymbolExists.cxx:
/* */
#include <QtCore/qglobal.h>

int main(int argc, char** argv)
{
  (void)argv;
#ifndef Q_WS_MAC
  return ((int*)(&Q_WS_MAC))[argc];
#else
  (void)argc;
  return 0;
#endif
}

