Determining if the Q_WS_WIN exist failed with the following output:
Change Dir: /home/salabeta/myComponent/CMakeFiles/CMakeTmp

Run Build Command:"/usr/bin/make" "cmTryCompileExec41705297/fast"
/usr/bin/make -f CMakeFiles/cmTryCompileExec41705297.dir/build.make CMakeFiles/cmTryCompileExec41705297.dir/build
make[1]: Entering directory '/home/salabeta/myComponent/CMakeFiles/CMakeTmp'
/usr/bin/cmake -E cmake_progress_report /home/salabeta/myComponent/CMakeFiles/CMakeTmp/CMakeFiles 1
Building CXX object CMakeFiles/cmTryCompileExec41705297.dir/CheckSymbolExists.cxx.o
/usr/bin/c++    -I/usr/include/qt4    -o CMakeFiles/cmTryCompileExec41705297.dir/CheckSymbolExists.cxx.o -c /home/salabeta/myComponent/CMakeFiles/CMakeTmp/CheckSymbolExists.cxx
/home/salabeta/myComponent/CMakeFiles/CMakeTmp/CheckSymbolExists.cxx: In function ‘int main(int, char**)’:
/home/salabeta/myComponent/CMakeFiles/CMakeTmp/CheckSymbolExists.cxx:8:19: error: ‘Q_WS_WIN’ was not declared in this scope
   return ((int*)(&Q_WS_WIN))[argc];
                   ^
CMakeFiles/cmTryCompileExec41705297.dir/build.make:57: recipe for target 'CMakeFiles/cmTryCompileExec41705297.dir/CheckSymbolExists.cxx.o' failed
make[1]: *** [CMakeFiles/cmTryCompileExec41705297.dir/CheckSymbolExists.cxx.o] Error 1
make[1]: Leaving directory '/home/salabeta/myComponent/CMakeFiles/CMakeTmp'
Makefile:118: recipe for target 'cmTryCompileExec41705297/fast' failed
make: *** [cmTryCompileExec41705297/fast] Error 2

File /home/salabeta/myComponent/CMakeFiles/CMakeTmp/CheckSymbolExists.cxx:
/* */
#include <QtCore/qglobal.h>

int main(int argc, char** argv)
{
  (void)argv;
#ifndef Q_WS_WIN
  return ((int*)(&Q_WS_WIN))[argc];
#else
  (void)argc;
  return 0;
#endif
}

Determining if the Q_WS_QWS exist failed with the following output:
Change Dir: /home/salabeta/myComponent/CMakeFiles/CMakeTmp

Run Build Command:"/usr/bin/make" "cmTryCompileExec213550088/fast"
/usr/bin/make -f CMakeFiles/cmTryCompileExec213550088.dir/build.make CMakeFiles/cmTryCompileExec213550088.dir/build
make[1]: Entering directory '/home/salabeta/myComponent/CMakeFiles/CMakeTmp'
/usr/bin/cmake -E cmake_progress_report /home/salabeta/myComponent/CMakeFiles/CMakeTmp/CMakeFiles 1
Building CXX object CMakeFiles/cmTryCompileExec213550088.dir/CheckSymbolExists.cxx.o
/usr/bin/c++    -I/usr/include/qt4    -o CMakeFiles/cmTryCompileExec213550088.dir/CheckSymbolExists.cxx.o -c /home/salabeta/myComponent/CMakeFiles/CMakeTmp/CheckSymbolExists.cxx
/home/salabeta/myComponent/CMakeFiles/CMakeTmp/CheckSymbolExists.cxx: In function ‘int main(int, char**)’:
/home/salabeta/myComponent/CMakeFiles/CMakeTmp/CheckSymbolExists.cxx:8:19: error: ‘Q_WS_QWS’ was not declared in this scope
   return ((int*)(&Q_WS_QWS))[argc];
                   ^
CMakeFiles/cmTryCompileExec213550088.dir/build.make:57: recipe for target 'CMakeFiles/cmTryCompileExec213550088.dir/CheckSymbolExists.cxx.o' failed
make[1]: Leaving directory '/home/salabeta/myComponent/CMakeFiles/CMakeTmp'
make[1]: *** [CMakeFiles/cmTryCompileExec213550088.dir/CheckSymbolExists.cxx.o] Error 1
Makefile:118: recipe for target 'cmTryCompileExec213550088/fast' failed
make: *** [cmTryCompileExec213550088/fast] Error 2

File /home/salabeta/myComponent/CMakeFiles/CMakeTmp/CheckSymbolExists.cxx:
/* */
#include <QtCore/qglobal.h>

int main(int argc, char** argv)
{
  (void)argv;
#ifndef Q_WS_QWS
  return ((int*)(&Q_WS_QWS))[argc];
#else
  (void)argc;
  return 0;
#endif
}

Determining if the Q_WS_MAC exist failed with the following output:
Change Dir: /home/salabeta/myComponent/CMakeFiles/CMakeTmp

Run Build Command:"/usr/bin/make" "cmTryCompileExec3745692248/fast"
/usr/bin/make -f CMakeFiles/cmTryCompileExec3745692248.dir/build.make CMakeFiles/cmTryCompileExec3745692248.dir/build
make[1]: Entering directory '/home/salabeta/myComponent/CMakeFiles/CMakeTmp'
/usr/bin/cmake -E cmake_progress_report /home/salabeta/myComponent/CMakeFiles/CMakeTmp/CMakeFiles 1
Building CXX object CMakeFiles/cmTryCompileExec3745692248.dir/CheckSymbolExists.cxx.o
/usr/bin/c++    -I/usr/include/qt4    -o CMakeFiles/cmTryCompileExec3745692248.dir/CheckSymbolExists.cxx.o -c /home/salabeta/myComponent/CMakeFiles/CMakeTmp/CheckSymbolExists.cxx
/home/salabeta/myComponent/CMakeFiles/CMakeTmp/CheckSymbolExists.cxx: In function ‘int main(int, char**)’:
/home/salabeta/myComponent/CMakeFiles/CMakeTmp/CheckSymbolExists.cxx:8:19: error: ‘Q_WS_MAC’ was not declared in this scope
   return ((int*)(&Q_WS_MAC))[argc];
                   ^
CMakeFiles/cmTryCompileExec3745692248.dir/build.make:57: recipe for target 'CMakeFiles/cmTryCompileExec3745692248.dir/CheckSymbolExists.cxx.o' failed
make[1]: *** [CMakeFiles/cmTryCompileExec3745692248.dir/CheckSymbolExists.cxx.o] Error 1
make[1]: Leaving directory '/home/salabeta/myComponent/CMakeFiles/CMakeTmp'
Makefile:118: recipe for target 'cmTryCompileExec3745692248/fast' failed
make: *** [cmTryCompileExec3745692248/fast] Error 2

File /home/salabeta/myComponent/CMakeFiles/CMakeTmp/CheckSymbolExists.cxx:
/* */
#include <QtCore/qglobal.h>

int main(int argc, char** argv)
{
  (void)argv;
#ifndef Q_WS_MAC
  return ((int*)(&Q_WS_MAC))[argc];
#else
  (void)argc;
  return 0;
#endif
}

